<?xml version="1.0" encoding="UTF-8"?>
<testsuite xmlns:xsi="http://www.w3.org/2001/XMLSchema-instance" xsi:noNamespaceSchemaLocation="https://maven.apache.org/surefire/maven-surefire-plugin/xsd/surefire-test-report.xsd" name="io.mglobe.landroutes.ApplicationTests" time="4.972" tests="3" errors="0" skipped="0" failures="0">
  <properties>
    <property name="gopherProxySet" value="false"/>
    <property name="awt.toolkit" value="sun.lwawt.macosx.LWCToolkit"/>
    <property name="file.encoding.pkg" value="sun.io"/>
    <property name="java.specification.version" value="1.8"/>
    <property name="sun.cpu.isalist" value=""/>
    <property name="sun.jnu.encoding" value="UTF-8"/>
    <property name="java.class.path" value="/Users/Shared/CAREER/BCF/route-traversal/target/test-classes:/Users/Shared/CAREER/BCF/route-traversal/target/classes:/Users/sakawaelijahbob/.m2/repository/org/springframework/boot/spring-boot-starter-activemq/2.5.5/spring-boot-starter-activemq-2.5.5.jar:/Users/sakawaelijahbob/.m2/repository/org/springframework/boot/spring-boot-starter/2.5.5/spring-boot-starter-2.5.5.jar:/Users/sakawaelijahbob/.m2/repository/org/springframework/boot/spring-boot-starter-logging/2.5.5/spring-boot-starter-logging-2.5.5.jar:/Users/sakawaelijahbob/.m2/repository/ch/qos/logback/logback-classic/1.2.6/logback-classic-1.2.6.jar:/Users/sakawaelijahbob/.m2/repository/ch/qos/logback/logback-core/1.2.6/logback-core-1.2.6.jar:/Users/sakawaelijahbob/.m2/repository/org/apache/logging/log4j/log4j-to-slf4j/2.14.1/log4j-to-slf4j-2.14.1.jar:/Users/sakawaelijahbob/.m2/repository/org/apache/logging/log4j/log4j-api/2.14.1/log4j-api-2.14.1.jar:/Users/sakawaelijahbob/.m2/repository/org/slf4j/jul-to-slf4j/1.7.32/jul-to-slf4j-1.7.32.jar:/Users/sakawaelijahbob/.m2/repository/jakarta/annotation/jakarta.annotation-api/1.3.5/jakarta.annotation-api-1.3.5.jar:/Users/sakawaelijahbob/.m2/repository/org/yaml/snakeyaml/1.28/snakeyaml-1.28.jar:/Users/sakawaelijahbob/.m2/repository/org/springframework/spring-jms/5.3.10/spring-jms-5.3.10.jar:/Users/sakawaelijahbob/.m2/repository/org/springframework/spring-messaging/5.3.10/spring-messaging-5.3.10.jar:/Users/sakawaelijahbob/.m2/repository/org/springframework/spring-tx/5.3.10/spring-tx-5.3.10.jar:/Users/sakawaelijahbob/.m2/repository/org/apache/activemq/activemq-broker/5.16.3/activemq-broker-5.16.3.jar:/Users/sakawaelijahbob/.m2/repository/org/apache/activemq/activemq-client/5.16.3/activemq-client-5.16.3.jar:/Users/sakawaelijahbob/.m2/repository/org/fusesource/hawtbuf/hawtbuf/1.11/hawtbuf-1.11.jar:/Users/sakawaelijahbob/.m2/repository/org/apache/geronimo/specs/geronimo-j2ee-management_1.1_spec/1.0.1/geronimo-j2ee-management_1.1_spec-1.0.1.jar:/Users/sakawaelijahbob/.m2/repository/org/apache/activemq/activemq-openwire-legacy/5.16.3/activemq-openwire-legacy-5.16.3.jar:/Users/sakawaelijahbob/.m2/repository/com/fasterxml/jackson/core/jackson-databind/2.12.5/jackson-databind-2.12.5.jar:/Users/sakawaelijahbob/.m2/repository/com/fasterxml/jackson/core/jackson-core/2.12.5/jackson-core-2.12.5.jar:/Users/sakawaelijahbob/.m2/repository/jakarta/jms/jakarta.jms-api/2.0.3/jakarta.jms-api-2.0.3.jar:/Users/sakawaelijahbob/.m2/repository/org/springframework/boot/spring-boot-starter-actuator/2.5.5/spring-boot-starter-actuator-2.5.5.jar:/Users/sakawaelijahbob/.m2/repository/org/springframework/boot/spring-boot-actuator-autoconfigure/2.5.5/spring-boot-actuator-autoconfigure-2.5.5.jar:/Users/sakawaelijahbob/.m2/repository/org/springframework/boot/spring-boot-actuator/2.5.5/spring-boot-actuator-2.5.5.jar:/Users/sakawaelijahbob/.m2/repository/com/fasterxml/jackson/datatype/jackson-datatype-jsr310/2.12.5/jackson-datatype-jsr310-2.12.5.jar:/Users/sakawaelijahbob/.m2/repository/io/micrometer/micrometer-core/1.7.4/micrometer-core-1.7.4.jar:/Users/sakawaelijahbob/.m2/repository/org/hdrhistogram/HdrHistogram/2.1.12/HdrHistogram-2.1.12.jar:/Users/sakawaelijahbob/.m2/repository/org/latencyutils/LatencyUtils/2.0.3/LatencyUtils-2.0.3.jar:/Users/sakawaelijahbob/.m2/repository/org/springframework/boot/spring-boot-starter-security/2.5.5/spring-boot-starter-security-2.5.5.jar:/Users/sakawaelijahbob/.m2/repository/org/springframework/spring-aop/5.3.10/spring-aop-5.3.10.jar:/Users/sakawaelijahbob/.m2/repository/org/springframework/security/spring-security-config/5.5.2/spring-security-config-5.5.2.jar:/Users/sakawaelijahbob/.m2/repository/org/springframework/spring-context/5.3.10/spring-context-5.3.10.jar:/Users/sakawaelijahbob/.m2/repository/org/springframework/security/spring-security-web/5.5.2/spring-security-web-5.5.2.jar:/Users/sakawaelijahbob/.m2/repository/org/springframework/spring-expression/5.3.10/spring-expression-5.3.10.jar:/Users/sakawaelijahbob/.m2/repository/org/springframework/boot/spring-boot-starter-web/2.5.5/spring-boot-starter-web-2.5.5.jar:/Users/sakawaelijahbob/.m2/repository/org/springframework/boot/spring-boot-starter-json/2.5.5/spring-boot-starter-json-2.5.5.jar:/Users/sakawaelijahbob/.m2/repository/com/fasterxml/jackson/datatype/jackson-datatype-jdk8/2.12.5/jackson-datatype-jdk8-2.12.5.jar:/Users/sakawaelijahbob/.m2/repository/com/fasterxml/jackson/module/jackson-module-parameter-names/2.12.5/jackson-module-parameter-names-2.12.5.jar:/Users/sakawaelijahbob/.m2/repository/org/springframework/boot/spring-boot-starter-tomcat/2.5.5/spring-boot-starter-tomcat-2.5.5.jar:/Users/sakawaelijahbob/.m2/repository/org/apache/tomcat/embed/tomcat-embed-core/9.0.53/tomcat-embed-core-9.0.53.jar:/Users/sakawaelijahbob/.m2/repository/org/apache/tomcat/embed/tomcat-embed-el/9.0.53/tomcat-embed-el-9.0.53.jar:/Users/sakawaelijahbob/.m2/repository/org/apache/tomcat/embed/tomcat-embed-websocket/9.0.53/tomcat-embed-websocket-9.0.53.jar:/Users/sakawaelijahbob/.m2/repository/org/springframework/spring-webmvc/5.3.10/spring-webmvc-5.3.10.jar:/Users/sakawaelijahbob/.m2/repository/org/bouncycastle/bcprov-jdk15on/1.49/bcprov-jdk15on-1.49.jar:/Users/sakawaelijahbob/.m2/repository/org/bouncycastle/bcpkix-jdk15on/1.49/bcpkix-jdk15on-1.49.jar:/Users/sakawaelijahbob/.m2/repository/com/google/code/gson/gson/2.8.8/gson-2.8.8.jar:/Users/sakawaelijahbob/.m2/repository/org/bouncycastle/bcmail-jdk15on/1.49/bcmail-jdk15on-1.49.jar:/Users/sakawaelijahbob/.m2/repository/org/apache/commons/commons-lang3/3.12.0/commons-lang3-3.12.0.jar:/Users/sakawaelijahbob/.m2/repository/commons-io/commons-io/2.6/commons-io-2.6.jar:/Users/sakawaelijahbob/.m2/repository/commons-logging/commons-logging/1.1.1/commons-logging-1.1.1.jar:/Users/sakawaelijahbob/.m2/repository/org/apache/httpcomponents/httpclient/4.5.13/httpclient-4.5.13.jar:/Users/sakawaelijahbob/.m2/repository/org/apache/httpcomponents/httpcore/4.4.14/httpcore-4.4.14.jar:/Users/sakawaelijahbob/.m2/repository/commons-codec/commons-codec/1.15/commons-codec-1.15.jar:/Users/sakawaelijahbob/.m2/repository/org/springframework/spring-web/5.3.10/spring-web-5.3.10.jar:/Users/sakawaelijahbob/.m2/repository/org/springframework/spring-beans/5.3.10/spring-beans-5.3.10.jar:/Users/sakawaelijahbob/.m2/repository/org/springframework/spring-core/5.3.10/spring-core-5.3.10.jar:/Users/sakawaelijahbob/.m2/repository/org/springframework/spring-jcl/5.3.10/spring-jcl-5.3.10.jar:/Users/sakawaelijahbob/.m2/repository/io/springfox/springfox-swagger2/2.9.2/springfox-swagger2-2.9.2.jar:/Users/sakawaelijahbob/.m2/repository/io/swagger/swagger-annotations/1.5.20/swagger-annotations-1.5.20.jar:/Users/sakawaelijahbob/.m2/repository/io/swagger/swagger-models/1.5.20/swagger-models-1.5.20.jar:/Users/sakawaelijahbob/.m2/repository/com/fasterxml/jackson/core/jackson-annotations/2.12.5/jackson-annotations-2.12.5.jar:/Users/sakawaelijahbob/.m2/repository/io/springfox/springfox-spi/2.9.2/springfox-spi-2.9.2.jar:/Users/sakawaelijahbob/.m2/repository/io/springfox/springfox-core/2.9.2/springfox-core-2.9.2.jar:/Users/sakawaelijahbob/.m2/repository/io/springfox/springfox-schema/2.9.2/springfox-schema-2.9.2.jar:/Users/sakawaelijahbob/.m2/repository/io/springfox/springfox-swagger-common/2.9.2/springfox-swagger-common-2.9.2.jar:/Users/sakawaelijahbob/.m2/repository/io/springfox/springfox-spring-web/2.9.2/springfox-spring-web-2.9.2.jar:/Users/sakawaelijahbob/.m2/repository/com/google/guava/guava/20.0/guava-20.0.jar:/Users/sakawaelijahbob/.m2/repository/com/fasterxml/classmate/1.5.1/classmate-1.5.1.jar:/Users/sakawaelijahbob/.m2/repository/org/slf4j/slf4j-api/1.7.32/slf4j-api-1.7.32.jar:/Users/sakawaelijahbob/.m2/repository/org/springframework/plugin/spring-plugin-core/1.2.0.RELEASE/spring-plugin-core-1.2.0.RELEASE.jar:/Users/sakawaelijahbob/.m2/repository/org/springframework/plugin/spring-plugin-metadata/1.2.0.RELEASE/spring-plugin-metadata-1.2.0.RELEASE.jar:/Users/sakawaelijahbob/.m2/repository/org/mapstruct/mapstruct/1.2.0.Final/mapstruct-1.2.0.Final.jar:/Users/sakawaelijahbob/.m2/repository/io/springfox/springfox-swagger-ui/2.9.2/springfox-swagger-ui-2.9.2.jar:/Users/sakawaelijahbob/.m2/repository/javax/xml/bind/jaxb-api/2.3.1/jaxb-api-2.3.1.jar:/Users/sakawaelijahbob/.m2/repository/javax/activation/javax.activation-api/1.2.0/javax.activation-api-1.2.0.jar:/Users/sakawaelijahbob/.m2/repository/org/hibernate/hibernate-entitymanager/5.4.32.Final/hibernate-entitymanager-5.4.32.Final.jar:/Users/sakawaelijahbob/.m2/repository/org/jboss/logging/jboss-logging/3.4.2.Final/jboss-logging-3.4.2.Final.jar:/Users/sakawaelijahbob/.m2/repository/org/dom4j/dom4j/2.1.3/dom4j-2.1.3.jar:/Users/sakawaelijahbob/.m2/repository/org/hibernate/common/hibernate-commons-annotations/5.1.2.Final/hibernate-commons-annotations-5.1.2.Final.jar:/Users/sakawaelijahbob/.m2/repository/javax/persistence/javax.persistence-api/2.2/javax.persistence-api-2.2.jar:/Users/sakawaelijahbob/.m2/repository/net/bytebuddy/byte-buddy/1.10.22/byte-buddy-1.10.22.jar:/Users/sakawaelijahbob/.m2/repository/org/jboss/spec/javax/transaction/jboss-transaction-api_1.2_spec/1.1.1.Final/jboss-transaction-api_1.2_spec-1.1.1.Final.jar:/Users/sakawaelijahbob/.m2/repository/org/hibernate/hibernate-core/5.4.32.Final/hibernate-core-5.4.32.Final.jar:/Users/sakawaelijahbob/.m2/repository/org/javassist/javassist/3.27.0-GA/javassist-3.27.0-GA.jar:/Users/sakawaelijahbob/.m2/repository/antlr/antlr/2.7.7/antlr-2.7.7.jar:/Users/sakawaelijahbob/.m2/repository/org/jboss/jandex/2.2.3.Final/jandex-2.2.3.Final.jar:/Users/sakawaelijahbob/.m2/repository/org/glassfish/jaxb/jaxb-runtime/2.3.5/jaxb-runtime-2.3.5.jar:/Users/sakawaelijahbob/.m2/repository/org/glassfish/jaxb/txw2/2.3.5/txw2-2.3.5.jar:/Users/sakawaelijahbob/.m2/repository/com/sun/istack/istack-commons-runtime/3.0.12/istack-commons-runtime-3.0.12.jar:/Users/sakawaelijahbob/.m2/repository/com/sun/activation/jakarta.activation/1.2.2/jakarta.activation-1.2.2.jar:/Users/sakawaelijahbob/.m2/repository/org/springframework/boot/spring-boot-devtools/2.5.5/spring-boot-devtools-2.5.5.jar:/Users/sakawaelijahbob/.m2/repository/org/springframework/boot/spring-boot/2.5.5/spring-boot-2.5.5.jar:/Users/sakawaelijahbob/.m2/repository/org/springframework/boot/spring-boot-autoconfigure/2.5.5/spring-boot-autoconfigure-2.5.5.jar:/Users/sakawaelijahbob/.m2/repository/org/projectlombok/lombok/1.18.20/lombok-1.18.20.jar:/Users/sakawaelijahbob/.m2/repository/org/springframework/boot/spring-boot-starter-test/2.5.5/spring-boot-starter-test-2.5.5.jar:/Users/sakawaelijahbob/.m2/repository/org/springframework/boot/spring-boot-test/2.5.5/spring-boot-test-2.5.5.jar:/Users/sakawaelijahbob/.m2/repository/org/springframework/boot/spring-boot-test-autoconfigure/2.5.5/spring-boot-test-autoconfigure-2.5.5.jar:/Users/sakawaelijahbob/.m2/repository/com/jayway/jsonpath/json-path/2.5.0/json-path-2.5.0.jar:/Users/sakawaelijahbob/.m2/repository/net/minidev/json-smart/2.4.7/json-smart-2.4.7.jar:/Users/sakawaelijahbob/.m2/repository/net/minidev/accessors-smart/2.4.7/accessors-smart-2.4.7.jar:/Users/sakawaelijahbob/.m2/repository/org/ow2/asm/asm/9.1/asm-9.1.jar:/Users/sakawaelijahbob/.m2/repository/jakarta/xml/bind/jakarta.xml.bind-api/2.3.3/jakarta.xml.bind-api-2.3.3.jar:/Users/sakawaelijahbob/.m2/repository/jakarta/activation/jakarta.activation-api/1.2.2/jakarta.activation-api-1.2.2.jar:/Users/sakawaelijahbob/.m2/repository/org/assertj/assertj-core/3.19.0/assertj-core-3.19.0.jar:/Users/sakawaelijahbob/.m2/repository/org/hamcrest/hamcrest/2.2/hamcrest-2.2.jar:/Users/sakawaelijahbob/.m2/repository/org/junit/jupiter/junit-jupiter/5.7.2/junit-jupiter-5.7.2.jar:/Users/sakawaelijahbob/.m2/repository/org/junit/jupiter/junit-jupiter-api/5.7.2/junit-jupiter-api-5.7.2.jar:/Users/sakawaelijahbob/.m2/repository/org/apiguardian/apiguardian-api/1.1.0/apiguardian-api-1.1.0.jar:/Users/sakawaelijahbob/.m2/repository/org/opentest4j/opentest4j/1.2.0/opentest4j-1.2.0.jar:/Users/sakawaelijahbob/.m2/repository/org/junit/platform/junit-platform-commons/1.7.2/junit-platform-commons-1.7.2.jar:/Users/sakawaelijahbob/.m2/repository/org/junit/jupiter/junit-jupiter-params/5.7.2/junit-jupiter-params-5.7.2.jar:/Users/sakawaelijahbob/.m2/repository/org/junit/jupiter/junit-jupiter-engine/5.7.2/junit-jupiter-engine-5.7.2.jar:/Users/sakawaelijahbob/.m2/repository/org/junit/platform/junit-platform-engine/1.7.2/junit-platform-engine-1.7.2.jar:/Users/sakawaelijahbob/.m2/repository/org/mockito/mockito-core/3.9.0/mockito-core-3.9.0.jar:/Users/sakawaelijahbob/.m2/repository/net/bytebuddy/byte-buddy-agent/1.10.22/byte-buddy-agent-1.10.22.jar:/Users/sakawaelijahbob/.m2/repository/org/objenesis/objenesis/3.2/objenesis-3.2.jar:/Users/sakawaelijahbob/.m2/repository/org/mockito/mockito-junit-jupiter/3.9.0/mockito-junit-jupiter-3.9.0.jar:/Users/sakawaelijahbob/.m2/repository/org/skyscreamer/jsonassert/1.5.0/jsonassert-1.5.0.jar:/Users/sakawaelijahbob/.m2/repository/com/vaadin/external/google/android-json/0.0.20131108.vaadin1/android-json-0.0.20131108.vaadin1.jar:/Users/sakawaelijahbob/.m2/repository/org/springframework/spring-test/5.3.10/spring-test-5.3.10.jar:/Users/sakawaelijahbob/.m2/repository/org/xmlunit/xmlunit-core/2.8.2/xmlunit-core-2.8.2.jar:/Users/sakawaelijahbob/.m2/repository/org/springframework/security/spring-security-test/5.5.2/spring-security-test-5.5.2.jar:/Users/sakawaelijahbob/.m2/repository/org/springframework/security/spring-security-core/5.5.2/spring-security-core-5.5.2.jar:/Users/sakawaelijahbob/.m2/repository/org/springframework/security/spring-security-crypto/5.5.2/spring-security-crypto-5.5.2.jar:/Users/sakawaelijahbob/.m2/repository/org/springframework/boot/spring-boot-configuration-processor/2.5.5/spring-boot-configuration-processor-2.5.5.jar:"/>
    <property name="java.vm.vendor" value="Oracle Corporation"/>
    <property name="sun.arch.data.model" value="64"/>
    <property name="java.vendor.url" value="http://java.oracle.com/"/>
    <property name="user.timezone" value=""/>
    <property name="java.vm.specification.version" value="1.8"/>
    <property name="os.name" value="Mac OS X"/>
    <property name="user.country" value="KE"/>
    <property name="sun.java.launcher" value="SUN_STANDARD"/>
    <property name="sun.boot.library.path" value="/Library/Java/JavaVirtualMachines/jdk1.8.0_241.jdk/Contents/Home/jre/lib"/>
    <property name="sun.java.command" value="/Users/Shared/CAREER/BCF/route-traversal/target/surefire/surefirebooter6122843319269733939.jar /Users/Shared/CAREER/BCF/route-traversal/target/surefire 2021-10-02T15-54-28_368-jvmRun1 surefire8512463515648778295tmp surefire_01537167229039375853tmp"/>
    <property name="http.nonProxyHosts" value="local|*.local|169.254/16|*.169.254/16"/>
    <property name="surefire.test.class.path" value="/Users/Shared/CAREER/BCF/route-traversal/target/test-classes:/Users/Shared/CAREER/BCF/route-traversal/target/classes:/Users/sakawaelijahbob/.m2/repository/org/springframework/boot/spring-boot-starter-activemq/2.5.5/spring-boot-starter-activemq-2.5.5.jar:/Users/sakawaelijahbob/.m2/repository/org/springframework/boot/spring-boot-starter/2.5.5/spring-boot-starter-2.5.5.jar:/Users/sakawaelijahbob/.m2/repository/org/springframework/boot/spring-boot-starter-logging/2.5.5/spring-boot-starter-logging-2.5.5.jar:/Users/sakawaelijahbob/.m2/repository/ch/qos/logback/logback-classic/1.2.6/logback-classic-1.2.6.jar:/Users/sakawaelijahbob/.m2/repository/ch/qos/logback/logback-core/1.2.6/logback-core-1.2.6.jar:/Users/sakawaelijahbob/.m2/repository/org/apache/logging/log4j/log4j-to-slf4j/2.14.1/log4j-to-slf4j-2.14.1.jar:/Users/sakawaelijahbob/.m2/repository/org/apache/logging/log4j/log4j-api/2.14.1/log4j-api-2.14.1.jar:/Users/sakawaelijahbob/.m2/repository/org/slf4j/jul-to-slf4j/1.7.32/jul-to-slf4j-1.7.32.jar:/Users/sakawaelijahbob/.m2/repository/jakarta/annotation/jakarta.annotation-api/1.3.5/jakarta.annotation-api-1.3.5.jar:/Users/sakawaelijahbob/.m2/repository/org/yaml/snakeyaml/1.28/snakeyaml-1.28.jar:/Users/sakawaelijahbob/.m2/repository/org/springframework/spring-jms/5.3.10/spring-jms-5.3.10.jar:/Users/sakawaelijahbob/.m2/repository/org/springframework/spring-messaging/5.3.10/spring-messaging-5.3.10.jar:/Users/sakawaelijahbob/.m2/repository/org/springframework/spring-tx/5.3.10/spring-tx-5.3.10.jar:/Users/sakawaelijahbob/.m2/repository/org/apache/activemq/activemq-broker/5.16.3/activemq-broker-5.16.3.jar:/Users/sakawaelijahbob/.m2/repository/org/apache/activemq/activemq-client/5.16.3/activemq-client-5.16.3.jar:/Users/sakawaelijahbob/.m2/repository/org/fusesource/hawtbuf/hawtbuf/1.11/hawtbuf-1.11.jar:/Users/sakawaelijahbob/.m2/repository/org/apache/geronimo/specs/geronimo-j2ee-management_1.1_spec/1.0.1/geronimo-j2ee-management_1.1_spec-1.0.1.jar:/Users/sakawaelijahbob/.m2/repository/org/apache/activemq/activemq-openwire-legacy/5.16.3/activemq-openwire-legacy-5.16.3.jar:/Users/sakawaelijahbob/.m2/repository/com/fasterxml/jackson/core/jackson-databind/2.12.5/jackson-databind-2.12.5.jar:/Users/sakawaelijahbob/.m2/repository/com/fasterxml/jackson/core/jackson-core/2.12.5/jackson-core-2.12.5.jar:/Users/sakawaelijahbob/.m2/repository/jakarta/jms/jakarta.jms-api/2.0.3/jakarta.jms-api-2.0.3.jar:/Users/sakawaelijahbob/.m2/repository/org/springframework/boot/spring-boot-starter-actuator/2.5.5/spring-boot-starter-actuator-2.5.5.jar:/Users/sakawaelijahbob/.m2/repository/org/springframework/boot/spring-boot-actuator-autoconfigure/2.5.5/spring-boot-actuator-autoconfigure-2.5.5.jar:/Users/sakawaelijahbob/.m2/repository/org/springframework/boot/spring-boot-actuator/2.5.5/spring-boot-actuator-2.5.5.jar:/Users/sakawaelijahbob/.m2/repository/com/fasterxml/jackson/datatype/jackson-datatype-jsr310/2.12.5/jackson-datatype-jsr310-2.12.5.jar:/Users/sakawaelijahbob/.m2/repository/io/micrometer/micrometer-core/1.7.4/micrometer-core-1.7.4.jar:/Users/sakawaelijahbob/.m2/repository/org/hdrhistogram/HdrHistogram/2.1.12/HdrHistogram-2.1.12.jar:/Users/sakawaelijahbob/.m2/repository/org/latencyutils/LatencyUtils/2.0.3/LatencyUtils-2.0.3.jar:/Users/sakawaelijahbob/.m2/repository/org/springframework/boot/spring-boot-starter-security/2.5.5/spring-boot-starter-security-2.5.5.jar:/Users/sakawaelijahbob/.m2/repository/org/springframework/spring-aop/5.3.10/spring-aop-5.3.10.jar:/Users/sakawaelijahbob/.m2/repository/org/springframework/security/spring-security-config/5.5.2/spring-security-config-5.5.2.jar:/Users/sakawaelijahbob/.m2/repository/org/springframework/spring-context/5.3.10/spring-context-5.3.10.jar:/Users/sakawaelijahbob/.m2/repository/org/springframework/security/spring-security-web/5.5.2/spring-security-web-5.5.2.jar:/Users/sakawaelijahbob/.m2/repository/org/springframework/spring-expression/5.3.10/spring-expression-5.3.10.jar:/Users/sakawaelijahbob/.m2/repository/org/springframework/boot/spring-boot-starter-web/2.5.5/spring-boot-starter-web-2.5.5.jar:/Users/sakawaelijahbob/.m2/repository/org/springframework/boot/spring-boot-starter-json/2.5.5/spring-boot-starter-json-2.5.5.jar:/Users/sakawaelijahbob/.m2/repository/com/fasterxml/jackson/datatype/jackson-datatype-jdk8/2.12.5/jackson-datatype-jdk8-2.12.5.jar:/Users/sakawaelijahbob/.m2/repository/com/fasterxml/jackson/module/jackson-module-parameter-names/2.12.5/jackson-module-parameter-names-2.12.5.jar:/Users/sakawaelijahbob/.m2/repository/org/springframework/boot/spring-boot-starter-tomcat/2.5.5/spring-boot-starter-tomcat-2.5.5.jar:/Users/sakawaelijahbob/.m2/repository/org/apache/tomcat/embed/tomcat-embed-core/9.0.53/tomcat-embed-core-9.0.53.jar:/Users/sakawaelijahbob/.m2/repository/org/apache/tomcat/embed/tomcat-embed-el/9.0.53/tomcat-embed-el-9.0.53.jar:/Users/sakawaelijahbob/.m2/repository/org/apache/tomcat/embed/tomcat-embed-websocket/9.0.53/tomcat-embed-websocket-9.0.53.jar:/Users/sakawaelijahbob/.m2/repository/org/springframework/spring-webmvc/5.3.10/spring-webmvc-5.3.10.jar:/Users/sakawaelijahbob/.m2/repository/org/bouncycastle/bcprov-jdk15on/1.49/bcprov-jdk15on-1.49.jar:/Users/sakawaelijahbob/.m2/repository/org/bouncycastle/bcpkix-jdk15on/1.49/bcpkix-jdk15on-1.49.jar:/Users/sakawaelijahbob/.m2/repository/com/google/code/gson/gson/2.8.8/gson-2.8.8.jar:/Users/sakawaelijahbob/.m2/repository/org/bouncycastle/bcmail-jdk15on/1.49/bcmail-jdk15on-1.49.jar:/Users/sakawaelijahbob/.m2/repository/org/apache/commons/commons-lang3/3.12.0/commons-lang3-3.12.0.jar:/Users/sakawaelijahbob/.m2/repository/commons-io/commons-io/2.6/commons-io-2.6.jar:/Users/sakawaelijahbob/.m2/repository/commons-logging/commons-logging/1.1.1/commons-logging-1.1.1.jar:/Users/sakawaelijahbob/.m2/repository/org/apache/httpcomponents/httpclient/4.5.13/httpclient-4.5.13.jar:/Users/sakawaelijahbob/.m2/repository/org/apache/httpcomponents/httpcore/4.4.14/httpcore-4.4.14.jar:/Users/sakawaelijahbob/.m2/repository/commons-codec/commons-codec/1.15/commons-codec-1.15.jar:/Users/sakawaelijahbob/.m2/repository/org/springframework/spring-web/5.3.10/spring-web-5.3.10.jar:/Users/sakawaelijahbob/.m2/repository/org/springframework/spring-beans/5.3.10/spring-beans-5.3.10.jar:/Users/sakawaelijahbob/.m2/repository/org/springframework/spring-core/5.3.10/spring-core-5.3.10.jar:/Users/sakawaelijahbob/.m2/repository/org/springframework/spring-jcl/5.3.10/spring-jcl-5.3.10.jar:/Users/sakawaelijahbob/.m2/repository/io/springfox/springfox-swagger2/2.9.2/springfox-swagger2-2.9.2.jar:/Users/sakawaelijahbob/.m2/repository/io/swagger/swagger-annotations/1.5.20/swagger-annotations-1.5.20.jar:/Users/sakawaelijahbob/.m2/repository/io/swagger/swagger-models/1.5.20/swagger-models-1.5.20.jar:/Users/sakawaelijahbob/.m2/repository/com/fasterxml/jackson/core/jackson-annotations/2.12.5/jackson-annotations-2.12.5.jar:/Users/sakawaelijahbob/.m2/repository/io/springfox/springfox-spi/2.9.2/springfox-spi-2.9.2.jar:/Users/sakawaelijahbob/.m2/repository/io/springfox/springfox-core/2.9.2/springfox-core-2.9.2.jar:/Users/sakawaelijahbob/.m2/repository/io/springfox/springfox-schema/2.9.2/springfox-schema-2.9.2.jar:/Users/sakawaelijahbob/.m2/repository/io/springfox/springfox-swagger-common/2.9.2/springfox-swagger-common-2.9.2.jar:/Users/sakawaelijahbob/.m2/repository/io/springfox/springfox-spring-web/2.9.2/springfox-spring-web-2.9.2.jar:/Users/sakawaelijahbob/.m2/repository/com/google/guava/guava/20.0/guava-20.0.jar:/Users/sakawaelijahbob/.m2/repository/com/fasterxml/classmate/1.5.1/classmate-1.5.1.jar:/Users/sakawaelijahbob/.m2/repository/org/slf4j/slf4j-api/1.7.32/slf4j-api-1.7.32.jar:/Users/sakawaelijahbob/.m2/repository/org/springframework/plugin/spring-plugin-core/1.2.0.RELEASE/spring-plugin-core-1.2.0.RELEASE.jar:/Users/sakawaelijahbob/.m2/repository/org/springframework/plugin/spring-plugin-metadata/1.2.0.RELEASE/spring-plugin-metadata-1.2.0.RELEASE.jar:/Users/sakawaelijahbob/.m2/repository/org/mapstruct/mapstruct/1.2.0.Final/mapstruct-1.2.0.Final.jar:/Users/sakawaelijahbob/.m2/repository/io/springfox/springfox-swagger-ui/2.9.2/springfox-swagger-ui-2.9.2.jar:/Users/sakawaelijahbob/.m2/repository/javax/xml/bind/jaxb-api/2.3.1/jaxb-api-2.3.1.jar:/Users/sakawaelijahbob/.m2/repository/javax/activation/javax.activation-api/1.2.0/javax.activation-api-1.2.0.jar:/Users/sakawaelijahbob/.m2/repository/org/hibernate/hibernate-entitymanager/5.4.32.Final/hibernate-entitymanager-5.4.32.Final.jar:/Users/sakawaelijahbob/.m2/repository/org/jboss/logging/jboss-logging/3.4.2.Final/jboss-logging-3.4.2.Final.jar:/Users/sakawaelijahbob/.m2/repository/org/dom4j/dom4j/2.1.3/dom4j-2.1.3.jar:/Users/sakawaelijahbob/.m2/repository/org/hibernate/common/hibernate-commons-annotations/5.1.2.Final/hibernate-commons-annotations-5.1.2.Final.jar:/Users/sakawaelijahbob/.m2/repository/javax/persistence/javax.persistence-api/2.2/javax.persistence-api-2.2.jar:/Users/sakawaelijahbob/.m2/repository/net/bytebuddy/byte-buddy/1.10.22/byte-buddy-1.10.22.jar:/Users/sakawaelijahbob/.m2/repository/org/jboss/spec/javax/transaction/jboss-transaction-api_1.2_spec/1.1.1.Final/jboss-transaction-api_1.2_spec-1.1.1.Final.jar:/Users/sakawaelijahbob/.m2/repository/org/hibernate/hibernate-core/5.4.32.Final/hibernate-core-5.4.32.Final.jar:/Users/sakawaelijahbob/.m2/repository/org/javassist/javassist/3.27.0-GA/javassist-3.27.0-GA.jar:/Users/sakawaelijahbob/.m2/repository/antlr/antlr/2.7.7/antlr-2.7.7.jar:/Users/sakawaelijahbob/.m2/repository/org/jboss/jandex/2.2.3.Final/jandex-2.2.3.Final.jar:/Users/sakawaelijahbob/.m2/repository/org/glassfish/jaxb/jaxb-runtime/2.3.5/jaxb-runtime-2.3.5.jar:/Users/sakawaelijahbob/.m2/repository/org/glassfish/jaxb/txw2/2.3.5/txw2-2.3.5.jar:/Users/sakawaelijahbob/.m2/repository/com/sun/istack/istack-commons-runtime/3.0.12/istack-commons-runtime-3.0.12.jar:/Users/sakawaelijahbob/.m2/repository/com/sun/activation/jakarta.activation/1.2.2/jakarta.activation-1.2.2.jar:/Users/sakawaelijahbob/.m2/repository/org/springframework/boot/spring-boot-devtools/2.5.5/spring-boot-devtools-2.5.5.jar:/Users/sakawaelijahbob/.m2/repository/org/springframework/boot/spring-boot/2.5.5/spring-boot-2.5.5.jar:/Users/sakawaelijahbob/.m2/repository/org/springframework/boot/spring-boot-autoconfigure/2.5.5/spring-boot-autoconfigure-2.5.5.jar:/Users/sakawaelijahbob/.m2/repository/org/projectlombok/lombok/1.18.20/lombok-1.18.20.jar:/Users/sakawaelijahbob/.m2/repository/org/springframework/boot/spring-boot-starter-test/2.5.5/spring-boot-starter-test-2.5.5.jar:/Users/sakawaelijahbob/.m2/repository/org/springframework/boot/spring-boot-test/2.5.5/spring-boot-test-2.5.5.jar:/Users/sakawaelijahbob/.m2/repository/org/springframework/boot/spring-boot-test-autoconfigure/2.5.5/spring-boot-test-autoconfigure-2.5.5.jar:/Users/sakawaelijahbob/.m2/repository/com/jayway/jsonpath/json-path/2.5.0/json-path-2.5.0.jar:/Users/sakawaelijahbob/.m2/repository/net/minidev/json-smart/2.4.7/json-smart-2.4.7.jar:/Users/sakawaelijahbob/.m2/repository/net/minidev/accessors-smart/2.4.7/accessors-smart-2.4.7.jar:/Users/sakawaelijahbob/.m2/repository/org/ow2/asm/asm/9.1/asm-9.1.jar:/Users/sakawaelijahbob/.m2/repository/jakarta/xml/bind/jakarta.xml.bind-api/2.3.3/jakarta.xml.bind-api-2.3.3.jar:/Users/sakawaelijahbob/.m2/repository/jakarta/activation/jakarta.activation-api/1.2.2/jakarta.activation-api-1.2.2.jar:/Users/sakawaelijahbob/.m2/repository/org/assertj/assertj-core/3.19.0/assertj-core-3.19.0.jar:/Users/sakawaelijahbob/.m2/repository/org/hamcrest/hamcrest/2.2/hamcrest-2.2.jar:/Users/sakawaelijahbob/.m2/repository/org/junit/jupiter/junit-jupiter/5.7.2/junit-jupiter-5.7.2.jar:/Users/sakawaelijahbob/.m2/repository/org/junit/jupiter/junit-jupiter-api/5.7.2/junit-jupiter-api-5.7.2.jar:/Users/sakawaelijahbob/.m2/repository/org/apiguardian/apiguardian-api/1.1.0/apiguardian-api-1.1.0.jar:/Users/sakawaelijahbob/.m2/repository/org/opentest4j/opentest4j/1.2.0/opentest4j-1.2.0.jar:/Users/sakawaelijahbob/.m2/repository/org/junit/platform/junit-platform-commons/1.7.2/junit-platform-commons-1.7.2.jar:/Users/sakawaelijahbob/.m2/repository/org/junit/jupiter/junit-jupiter-params/5.7.2/junit-jupiter-params-5.7.2.jar:/Users/sakawaelijahbob/.m2/repository/org/junit/jupiter/junit-jupiter-engine/5.7.2/junit-jupiter-engine-5.7.2.jar:/Users/sakawaelijahbob/.m2/repository/org/junit/platform/junit-platform-engine/1.7.2/junit-platform-engine-1.7.2.jar:/Users/sakawaelijahbob/.m2/repository/org/mockito/mockito-core/3.9.0/mockito-core-3.9.0.jar:/Users/sakawaelijahbob/.m2/repository/net/bytebuddy/byte-buddy-agent/1.10.22/byte-buddy-agent-1.10.22.jar:/Users/sakawaelijahbob/.m2/repository/org/objenesis/objenesis/3.2/objenesis-3.2.jar:/Users/sakawaelijahbob/.m2/repository/org/mockito/mockito-junit-jupiter/3.9.0/mockito-junit-jupiter-3.9.0.jar:/Users/sakawaelijahbob/.m2/repository/org/skyscreamer/jsonassert/1.5.0/jsonassert-1.5.0.jar:/Users/sakawaelijahbob/.m2/repository/com/vaadin/external/google/android-json/0.0.20131108.vaadin1/android-json-0.0.20131108.vaadin1.jar:/Users/sakawaelijahbob/.m2/repository/org/springframework/spring-test/5.3.10/spring-test-5.3.10.jar:/Users/sakawaelijahbob/.m2/repository/org/xmlunit/xmlunit-core/2.8.2/xmlunit-core-2.8.2.jar:/Users/sakawaelijahbob/.m2/repository/org/springframework/security/spring-security-test/5.5.2/spring-security-test-5.5.2.jar:/Users/sakawaelijahbob/.m2/repository/org/springframework/security/spring-security-core/5.5.2/spring-security-core-5.5.2.jar:/Users/sakawaelijahbob/.m2/repository/org/springframework/security/spring-security-crypto/5.5.2/spring-security-crypto-5.5.2.jar:/Users/sakawaelijahbob/.m2/repository/org/springframework/boot/spring-boot-configuration-processor/2.5.5/spring-boot-configuration-processor-2.5.5.jar:"/>
    <property name="sun.cpu.endian" value="little"/>
    <property name="user.home" value="/Users/sakawaelijahbob"/>
    <property name="user.language" value="en"/>
    <property name="java.specification.vendor" value="Oracle Corporation"/>
    <property name="java.home" value="/Library/Java/JavaVirtualMachines/jdk1.8.0_241.jdk/Contents/Home/jre"/>
    <property name="basedir" value="/Users/Shared/CAREER/BCF/route-traversal"/>
    <property name="style.color" value="always"/>
    <property name="file.separator" value="/"/>
    <property name="line.separator" value="&#10;"/>
    <property name="java.vm.specification.vendor" value="Oracle Corporation"/>
    <property name="java.specification.name" value="Java Platform API Specification"/>
    <property name="java.awt.graphicsenv" value="sun.awt.CGraphicsEnvironment"/>
    <property name="surefire.real.class.path" value="/Users/Shared/CAREER/BCF/route-traversal/target/surefire/surefirebooter6122843319269733939.jar"/>
    <property name="sun.boot.class.path" value="/Library/Java/JavaVirtualMachines/jdk1.8.0_241.jdk/Contents/Home/jre/lib/resources.jar:/Library/Java/JavaVirtualMachines/jdk1.8.0_241.jdk/Contents/Home/jre/lib/rt.jar:/Library/Java/JavaVirtualMachines/jdk1.8.0_241.jdk/Contents/Home/jre/lib/sunrsasign.jar:/Library/Java/JavaVirtualMachines/jdk1.8.0_241.jdk/Contents/Home/jre/lib/jsse.jar:/Library/Java/JavaVirtualMachines/jdk1.8.0_241.jdk/Contents/Home/jre/lib/jce.jar:/Library/Java/JavaVirtualMachines/jdk1.8.0_241.jdk/Contents/Home/jre/lib/charsets.jar:/Library/Java/JavaVirtualMachines/jdk1.8.0_241.jdk/Contents/Home/jre/lib/jfr.jar:/Library/Java/JavaVirtualMachines/jdk1.8.0_241.jdk/Contents/Home/jre/classes"/>
    <property name="sun.management.compiler" value="HotSpot 64-Bit Tiered Compilers"/>
    <property name="ftp.nonProxyHosts" value="local|*.local|169.254/16|*.169.254/16"/>
    <property name="java.runtime.version" value="1.8.0_241-b07"/>
    <property name="user.name" value="sakawaelijahbob"/>
    <property name="path.separator" value=":"/>
    <property name="os.version" value="10.16"/>
    <property name="java.endorsed.dirs" value="/Library/Java/JavaVirtualMachines/jdk1.8.0_241.jdk/Contents/Home/jre/lib/endorsed"/>
    <property name="java.runtime.name" value="Java(TM) SE Runtime Environment"/>
    <property name="file.encoding" value="UTF-8"/>
    <property name="java.vm.name" value="Java HotSpot(TM) 64-Bit Server VM"/>
    <property name="localRepository" value="/Users/sakawaelijahbob/.m2/repository"/>
    <property name="java.vendor.url.bug" value="http://bugreport.sun.com/bugreport/"/>
    <property name="java.io.tmpdir" value="/var/folders/m4/_fxczknn289_707718m9frzr0000gp/T/"/>
    <property name="java.version" value="1.8.0_241"/>
    <property name="user.dir" value="/Users/Shared/CAREER/BCF/route-traversal"/>
    <property name="os.arch" value="x86_64"/>
    <property name="java.vm.specification.name" value="Java Virtual Machine Specification"/>
    <property name="java.awt.printerjob" value="sun.lwawt.macosx.CPrinterJob"/>
    <property name="sun.os.patch.level" value="unknown"/>
    <property name="java.library.path" value="/Users/sakawaelijahbob/Library/Java/Extensions:/Library/Java/Extensions:/Network/Library/Java/Extensions:/System/Library/Java/Extensions:/usr/lib/java:."/>
    <property name="java.vm.info" value="mixed mode"/>
    <property name="java.vendor" value="Oracle Corporation"/>
    <property name="java.vm.version" value="25.241-b07"/>
    <property name="java.ext.dirs" value="/Users/sakawaelijahbob/Library/Java/Extensions:/Library/Java/JavaVirtualMachines/jdk1.8.0_241.jdk/Contents/Home/jre/lib/ext:/Library/Java/Extensions:/Network/Library/Java/Extensions:/System/Library/Java/Extensions:/usr/lib/java"/>
    <property name="sun.io.unicode.encoding" value="UnicodeBig"/>
    <property name="java.class.version" value="52.0"/>
    <property name="socksNonProxyHosts" value="local|*.local|169.254/16|*.169.254/16"/>
  </properties>
  <testcase name="getSecondTestRoute" classname="io.mglobe.landroutes.ApplicationTests" time="0.041"/>
  <testcase name="getFirstTestRoute" classname="io.mglobe.landroutes.ApplicationTests" time="0.004"/>
  <testcase name="login" classname="io.mglobe.landroutes.ApplicationTests" time="1.614"/>
</testsuite>